f:\740 game graphics programming\project\0516 version with bloom\dx11starter\debug\vc140.pdb
f:\740 game graphics programming\project\0516 version with bloom\dx11starter\debug\vc140.idb
f:\740 game graphics programming\project\0516 version with bloom\dx11starter\debug\camera.obj
f:\740 game graphics programming\project\0516 version with bloom\dx11starter\debug\dxcore.obj
f:\740 game graphics programming\project\0516 version with bloom\dx11starter\debug\emitter.obj
f:\740 game graphics programming\project\0516 version with bloom\dx11starter\debug\entity.obj
f:\740 game graphics programming\project\0516 version with bloom\dx11starter\debug\game.obj
f:\740 game graphics programming\project\0516 version with bloom\dx11starter\debug\graphics.obj
f:\740 game graphics programming\project\0516 version with bloom\dx11starter\debug\input.obj
f:\740 game graphics programming\project\0516 version with bloom\dx11starter\debug\main.obj
f:\740 game graphics programming\project\0516 version with bloom\dx11starter\debug\material.obj
f:\740 game graphics programming\project\0516 version with bloom\dx11starter\debug\mesh.obj
f:\740 game graphics programming\project\0516 version with bloom\dx11starter\debug\physics.obj
f:\740 game graphics programming\project\0516 version with bloom\dx11starter\debug\scenes.obj
f:\740 game graphics programming\project\0516 version with bloom\dx11starter\debug\simpleshader.obj
f:\740 game graphics programming\project\0516 version with bloom\dx11starter\debug\statemachine.obj
f:\740 game graphics programming\project\0516 version with bloom\dx11starter\debug\ui.obj
f:\740 game graphics programming\project\0516 version with bloom\dx11starter\debug\bloomobjectps.cso
f:\740 game graphics programming\project\0516 version with bloom\dx11starter\debug\bloomobjectvs.cso
f:\740 game graphics programming\project\0516 version with bloom\dx11starter\debug\extractbrightps.cso
f:\740 game graphics programming\project\0516 version with bloom\dx11starter\debug\extractbrightvs.cso
f:\740 game graphics programming\project\0516 version with bloom\dx11starter\debug\particleps.cso
f:\740 game graphics programming\project\0516 version with bloom\dx11starter\debug\particlevs.cso
f:\740 game graphics programming\project\0516 version with bloom\dx11starter\debug\pixelshader.cso
f:\740 game graphics programming\project\0516 version with bloom\dx11starter\debug\postprocessps.cso
f:\740 game graphics programming\project\0516 version with bloom\dx11starter\debug\postprocessvs.cso
f:\740 game graphics programming\project\0516 version with bloom\dx11starter\debug\ps_outline.cso
f:\740 game graphics programming\project\0516 version with bloom\dx11starter\debug\skyps.cso
f:\740 game graphics programming\project\0516 version with bloom\dx11starter\debug\skyvs.cso
f:\740 game graphics programming\project\0516 version with bloom\dx11starter\debug\vertexshader.cso
f:\740 game graphics programming\project\0516 version with bloom\dx11starter\debug\vs_outline.cso
f:\740 game graphics programming\project\0516 version with bloom\dx11starter\debug\vs_shadow.cso
f:\740 game graphics programming\project\0516 version with bloom\dx11starter\debug\dx11starter.ilk
f:\740 game graphics programming\project\0516 version with bloom\dx11starter\debug\dx11starter.exe
f:\740 game graphics programming\project\0516 version with bloom\dx11starter\debug\dx11starter.pdb
f:\740 game graphics programming\project\0516 version with bloom\dx11starter\debug\dx11starter.tlog\cl.command.1.tlog
f:\740 game graphics programming\project\0516 version with bloom\dx11starter\debug\dx11starter.tlog\cl.read.1.tlog
f:\740 game graphics programming\project\0516 version with bloom\dx11starter\debug\dx11starter.tlog\cl.write.1.tlog
f:\740 game graphics programming\project\0516 version with bloom\dx11starter\debug\dx11starter.tlog\dx11starter.write.1u.tlog
f:\740 game graphics programming\project\0516 version with bloom\dx11starter\debug\dx11starter.tlog\fxc.command.1.tlog
f:\740 game graphics programming\project\0516 version with bloom\dx11starter\debug\dx11starter.tlog\fxc.read.1.tlog
f:\740 game graphics programming\project\0516 version with bloom\dx11starter\debug\dx11starter.tlog\fxc.write.1.tlog
f:\740 game graphics programming\project\0516 version with bloom\dx11starter\debug\dx11starter.tlog\link.command.1.tlog
f:\740 game graphics programming\project\0516 version with bloom\dx11starter\debug\dx11starter.tlog\link.read.1.tlog
f:\740 game graphics programming\project\0516 version with bloom\dx11starter\debug\dx11starter.tlog\link.write.1.tlog
