f:\740 game graphics programming\project\0516 version with bloom\dx11starter\directxtk\bin\desktop_2015_win10\win32\debug\directxtk.pch
f:\740 game graphics programming\project\0516 version with bloom\dx11starter\directxtk\bin\desktop_2015_win10\win32\debug\directxtk.pdb
f:\740 game graphics programming\project\0516 version with bloom\dx11starter\directxtk\bin\desktop_2015_win10\win32\debug\directxtk.idb
f:\740 game graphics programming\project\0516 version with bloom\dx11starter\directxtk\bin\desktop_2015_win10\win32\debug\pch.obj
f:\740 game graphics programming\project\0516 version with bloom\dx11starter\directxtk\bin\desktop_2015_win10\win32\debug\environmentmapeffect.obj
f:\740 game graphics programming\project\0516 version with bloom\dx11starter\directxtk\bin\desktop_2015_win10\win32\debug\gamepad.obj
f:\740 game graphics programming\project\0516 version with bloom\dx11starter\directxtk\bin\desktop_2015_win10\win32\debug\geometricprimitive.obj
f:\740 game graphics programming\project\0516 version with bloom\dx11starter\directxtk\bin\desktop_2015_win10\win32\debug\geometry.obj
f:\740 game graphics programming\project\0516 version with bloom\dx11starter\directxtk\bin\desktop_2015_win10\win32\debug\graphicsmemory.obj
f:\740 game graphics programming\project\0516 version with bloom\dx11starter\directxtk\bin\desktop_2015_win10\win32\debug\keyboard.obj
f:\740 game graphics programming\project\0516 version with bloom\dx11starter\directxtk\bin\desktop_2015_win10\win32\debug\model.obj
f:\740 game graphics programming\project\0516 version with bloom\dx11starter\directxtk\bin\desktop_2015_win10\win32\debug\modelloadcmo.obj
f:\740 game graphics programming\project\0516 version with bloom\dx11starter\directxtk\bin\desktop_2015_win10\win32\debug\modelloadsdkmesh.obj
f:\740 game graphics programming\project\0516 version with bloom\dx11starter\directxtk\bin\desktop_2015_win10\win32\debug\modelloadvbo.obj
f:\740 game graphics programming\project\0516 version with bloom\dx11starter\directxtk\bin\desktop_2015_win10\win32\debug\mouse.obj
f:\740 game graphics programming\project\0516 version with bloom\dx11starter\directxtk\bin\desktop_2015_win10\win32\debug\normalmapeffect.obj
f:\740 game graphics programming\project\0516 version with bloom\dx11starter\directxtk\bin\desktop_2015_win10\win32\debug\screengrab.obj
f:\740 game graphics programming\project\0516 version with bloom\dx11starter\directxtk\bin\desktop_2015_win10\win32\debug\simplemath.obj
f:\740 game graphics programming\project\0516 version with bloom\dx11starter\directxtk\bin\desktop_2015_win10\win32\debug\skinnedeffect.obj
f:\740 game graphics programming\project\0516 version with bloom\dx11starter\directxtk\bin\desktop_2015_win10\win32\debug\spritebatch.obj
f:\740 game graphics programming\project\0516 version with bloom\dx11starter\directxtk\bin\desktop_2015_win10\win32\debug\primitivebatch.obj
f:\740 game graphics programming\project\0516 version with bloom\dx11starter\directxtk\bin\desktop_2015_win10\win32\debug\spritefont.obj
f:\740 game graphics programming\project\0516 version with bloom\dx11starter\directxtk\bin\desktop_2015_win10\win32\debug\vertextypes.obj
f:\740 game graphics programming\project\0516 version with bloom\dx11starter\directxtk\bin\desktop_2015_win10\win32\debug\wictextureloader.obj
f:\740 game graphics programming\project\0516 version with bloom\dx11starter\directxtk\bin\desktop_2015_win10\win32\debug\audioengine.obj
f:\740 game graphics programming\project\0516 version with bloom\dx11starter\directxtk\bin\desktop_2015_win10\win32\debug\dynamicsoundeffectinstance.obj
f:\740 game graphics programming\project\0516 version with bloom\dx11starter\directxtk\bin\desktop_2015_win10\win32\debug\soundcommon.obj
f:\740 game graphics programming\project\0516 version with bloom\dx11starter\directxtk\bin\desktop_2015_win10\win32\debug\soundeffect.obj
f:\740 game graphics programming\project\0516 version with bloom\dx11starter\directxtk\bin\desktop_2015_win10\win32\debug\soundeffectinstance.obj
f:\740 game graphics programming\project\0516 version with bloom\dx11starter\directxtk\bin\desktop_2015_win10\win32\debug\wavebank.obj
f:\740 game graphics programming\project\0516 version with bloom\dx11starter\directxtk\bin\desktop_2015_win10\win32\debug\wavebankreader.obj
f:\740 game graphics programming\project\0516 version with bloom\dx11starter\directxtk\bin\desktop_2015_win10\win32\debug\wavfilereader.obj
f:\740 game graphics programming\project\0516 version with bloom\dx11starter\directxtk\bin\desktop_2015_win10\win32\debug\alphatesteffect.obj
f:\740 game graphics programming\project\0516 version with bloom\dx11starter\directxtk\bin\desktop_2015_win10\win32\debug\basiceffect.obj
f:\740 game graphics programming\project\0516 version with bloom\dx11starter\directxtk\bin\desktop_2015_win10\win32\debug\commonstates.obj
f:\740 game graphics programming\project\0516 version with bloom\dx11starter\directxtk\bin\desktop_2015_win10\win32\debug\ddstextureloader.obj
f:\740 game graphics programming\project\0516 version with bloom\dx11starter\directxtk\bin\desktop_2015_win10\win32\debug\dgsleffect.obj
f:\740 game graphics programming\project\0516 version with bloom\dx11starter\directxtk\bin\desktop_2015_win10\win32\debug\dgsleffectfactory.obj
f:\740 game graphics programming\project\0516 version with bloom\dx11starter\directxtk\bin\desktop_2015_win10\win32\debug\dualtextureeffect.obj
f:\740 game graphics programming\project\0516 version with bloom\dx11starter\directxtk\bin\desktop_2015_win10\win32\debug\binaryreader.obj
f:\740 game graphics programming\project\0516 version with bloom\dx11starter\directxtk\bin\desktop_2015_win10\win32\debug\effectcommon.obj
f:\740 game graphics programming\project\0516 version with bloom\dx11starter\directxtk\bin\desktop_2015_win10\win32\debug\effectfactory.obj
f:\740 game graphics programming\project\0516 version with bloom\dx11starter\directxtk\bin\desktop_2015_win10\win32\debug\directxtk.lib
f:\740 game graphics programming\project\0516 version with bloom\dx11starter\directxtk\bin\desktop_2015_win10\win32\debug\directxt.e0b52ae7.tlog\cl.command.1.tlog
f:\740 game graphics programming\project\0516 version with bloom\dx11starter\directxtk\bin\desktop_2015_win10\win32\debug\directxt.e0b52ae7.tlog\cl.read.1.tlog
f:\740 game graphics programming\project\0516 version with bloom\dx11starter\directxtk\bin\desktop_2015_win10\win32\debug\directxt.e0b52ae7.tlog\cl.write.1.tlog
f:\740 game graphics programming\project\0516 version with bloom\dx11starter\directxtk\bin\desktop_2015_win10\win32\debug\directxt.e0b52ae7.tlog\lib-link.read.1.tlog
f:\740 game graphics programming\project\0516 version with bloom\dx11starter\directxtk\bin\desktop_2015_win10\win32\debug\directxt.e0b52ae7.tlog\lib-link.write.1.tlog
f:\740 game graphics programming\project\0516 version with bloom\dx11starter\directxtk\bin\desktop_2015_win10\win32\debug\directxt.e0b52ae7.tlog\lib.command.1.tlog
